<?xml version="1.0" encoding="UTF-8"?>
<testsuite name="com.example.stockapp.viewmodels.HealthViewModelTest" tests="4" skipped="0" failures="0" errors="0" timestamp="2026-05-26T13:01:46" hostname="LAPVMI116" time="0.07">
  <properties/>
  <testcase name="apiHealthStatus initial value is 'Not tested'" classname="com.example.stockapp.viewmodels.HealthViewModelTest" time="0.052"/>
  <testcase name="connectionStatus initial value is DISCONNECTED" classname="com.example.stockapp.viewmodels.HealthViewModelTest" time="0.003"/>
  <testcase name="testConnection transitions connectionStatus to CONNECTING" classname="com.example.stockapp.viewmodels.HealthViewModelTest" time="0.01"/>
  <testcase name="databaseHealthStatus initial value is 'Not tested'" classname="com.example.stockapp.viewmodels.HealthViewModelTest" time="0.004"/>
  <system-out><![CDATA[]]></system-out>
  <system-err><![CDATA[]]></system-err>
</testsuite>
