<?xml version="1.0" encoding="UTF-8"?>
<testsuite name="com.example.stockapp.repositories.HealthRepositoryTest" tests="2" skipped="0" failures="0" errors="0" timestamp="2026-05-26T13:01:41" hostname="LAPVMI116" time="0.002">
  <properties/>
  <testcase name="repository is created successfully" classname="com.example.stockapp.repositories.HealthRepositoryTest" time="0.001"/>
  <testcase name="checkApiHealth callback interface exists" classname="com.example.stockapp.repositories.HealthRepositoryTest" time="0.001"/>
  <system-out><![CDATA[]]></system-out>
  <system-err><![CDATA[]]></system-err>
</testsuite>
