<?xml version="1.0" encoding="UTF-8"?>
<testsuite name="com.example.stockapp.logging.AppLoggerTest" tests="4" skipped="0" failures="0" errors="0" timestamp="2026-05-26T13:01:41" hostname="LAPVMI116" time="0.095">
  <properties/>
  <testcase name="getLogs returns 'No logs yet' when log file is absent" classname="com.example.stockapp.logging.AppLoggerTest" time="0.027"/>
  <testcase name="getLogs returns last N lines and excludes earlier lines" classname="com.example.stockapp.logging.AppLoggerTest" time="0.035"/>
  <testcase name="info writes line containing level tag, message and timestamp" classname="com.example.stockapp.logging.AppLoggerTest" time="0.018"/>
  <testcase name="logApiResponse truncates response body longer than 200 chars" classname="com.example.stockapp.logging.AppLoggerTest" time="0.014"/>
  <system-out><![CDATA[]]></system-out>
  <system-err><![CDATA[]]></system-err>
</testsuite>
