<?xml version="1.0" encoding="UTF-8"?>
<testsuite name="com.example.stockapp.config.ConfigManagerTest" tests="5" skipped="0" failures="0" errors="0" timestamp="2026-05-26T13:01:39" hostname="LAPVMI116" time="2.097">
  <properties/>
  <testcase name="resetToDefaults writes DEFAULT_HOST and DEFAULT_PORT then calls apply" classname="com.example.stockapp.config.ConfigManagerTest" time="2.08"/>
  <testcase name="getApiPort returns DEFAULT_PORT when not configured" classname="com.example.stockapp.config.ConfigManagerTest" time="0.006"/>
  <testcase name="isValidPort returns true for valid port numbers" classname="com.example.stockapp.config.ConfigManagerTest" time="0.006"/>
  <testcase name="isValidPort returns false for invalid port values" classname="com.example.stockapp.config.ConfigManagerTest" time="0.002"/>
  <testcase name="getApiHost returns DEFAULT_HOST when not configured" classname="com.example.stockapp.config.ConfigManagerTest" time="0.002"/>
  <system-out><![CDATA[]]></system-out>
  <system-err><![CDATA[Mockito is currently self-attaching to enable the inline-mock-maker. This will no longer work in future releases of the JDK. Please add Mockito as an agent to your build what is described in Mockito's documentation: https://javadoc.io/doc/org.mockito/mockito-core/latest/org/mockito/Mockito.html#0.3
WARNING: A Java agent has been loaded dynamically (C:\Users\jerome.gouez\.gradle\caches\8.9\transforms\42dcda44876977c8e18f9f651726c538\transformed\jetified-byte-buddy-agent-1.15.4.jar)
WARNING: If a serviceability tool is in use, please run with -XX:+EnableDynamicAgentLoading to hide this warning
WARNING: If a serviceability tool is not in use, please run with -Djdk.instrument.traceUsage for more information
WARNING: Dynamic loading of agents will be disallowed by default in a future release
]]></system-err>
</testsuite>
